Using pre-set license
Built from '2021.3/staging' branch; Version is '2021.3.19f1 (c9714fde33b6) revision 13201743'; Using compiler version '192829333'; Build Type 'Release'
OS: 'Windows 10  (10.0.19045) 64bit Core' Language: 'en' Physical Memory: 16269 MB
BatchMode: 1, IsHumanControllingUs: 0, StartBugReporterOnCrash: 0, Is64bit: 1, IsPro: 1

COMMAND LINE ARGUMENTS:
D:\UnityHub\2021.3.19f1\Editor\Unity.exe
-adb2
-batchMode
-noUpm
-name
AssetImportWorker0
-projectPath
C:/Users/xavie/Desktop/Code/Intro to Quantum Computing/Game/quantumGame/QuantumGame
-logFile
Logs/AssetImportWorker0.log
-srvPort
52958
Successfully changed project path to: C:/Users/xavie/Desktop/Code/Intro to Quantum Computing/Game/quantumGame/QuantumGame
C:/Users/xavie/Desktop/Code/Intro to Quantum Computing/Game/quantumGame/QuantumGame
[UnityMemory] Configuration Parameters - Can be set up in boot.config
    "memorysetup-bucket-allocator-granularity=16"
    "memorysetup-bucket-allocator-bucket-count=8"
    "memorysetup-bucket-allocator-block-size=33554432"
    "memorysetup-bucket-allocator-block-count=8"
    "memorysetup-main-allocator-block-size=16777216"
    "memorysetup-thread-allocator-block-size=16777216"
    "memorysetup-gfx-main-allocator-block-size=16777216"
    "memorysetup-gfx-thread-allocator-block-size=16777216"
    "memorysetup-cache-allocator-block-size=4194304"
    "memorysetup-typetree-allocator-block-size=2097152"
    "memorysetup-profiler-bucket-allocator-granularity=16"
    "memorysetup-profiler-bucket-allocator-bucket-count=8"
    "memorysetup-profiler-bucket-allocator-block-size=33554432"
    "memorysetup-profiler-bucket-allocator-block-count=8"
    "memorysetup-profiler-allocator-block-size=16777216"
    "memorysetup-profiler-editor-allocator-block-size=1048576"
    "memorysetup-temp-allocator-size-main=16777216"
    "memorysetup-job-temp-allocator-block-size=2097152"
    "memorysetup-job-temp-allocator-block-size-background=1048576"
    "memorysetup-job-temp-allocator-reduction-small-platforms=262144"
    "memorysetup-temp-allocator-size-background-worker=32768"
    "memorysetup-temp-allocator-size-job-worker=262144"
    "memorysetup-temp-allocator-size-preload-manager=33554432"
    "memorysetup-temp-allocator-size-nav-mesh-worker=65536"
    "memorysetup-temp-allocator-size-audio-worker=65536"
    "memorysetup-temp-allocator-size-cloud-worker=32768"
    "memorysetup-temp-allocator-size-gi-baking-worker=262144"
    "memorysetup-temp-allocator-size-gfx=262144"
Player connection [34348] Host "[IP] 128.135.114.159 [Port] 0 [Flags] 2 [Guid] 2736817448 [EditorId] 2736817448 [Version] 1048832 [Id] WindowsEditor(7,DESKTOP-F1L9568) [Debug] 1 [PackageName] WindowsEditor [ProjectName] Editor" joined multi-casting on [225.0.0.222:54997]...

Player connection [34348] Host "[IP] 128.135.114.159 [Port] 0 [Flags] 2 [Guid] 2736817448 [EditorId] 2736817448 [Version] 1048832 [Id] WindowsEditor(7,DESKTOP-F1L9568) [Debug] 1 [PackageName] WindowsEditor [ProjectName] Editor" joined alternative multi-casting on [225.0.0.222:34997]...

Refreshing native plugins compatible for Editor in 249.89 ms, found 4 plugins.
Preloading 0 native plugins for Editor in 0.00 ms.
Initialize engine version: 2021.3.19f1 (c9714fde33b6)
[Subsystems] Discovering subsystems at path D:/UnityHub/2021.3.19f1/Editor/Data/Resources/UnitySubsystems
[Subsystems] Discovering subsystems at path C:/Users/xavie/Desktop/Code/Intro to Quantum Computing/Game/quantumGame/QuantumGame/Assets
GfxDevice: creating device client; threaded=0; jobified=0
Direct3D:
    Version:  Direct3D 11.0 [level 11.1]
    Renderer: NVIDIA GeForce GTX 1060 3GB (ID=0x1c02)
    Vendor:   NVIDIA
    VRAM:     2979 MB
    Driver:   31.0.15.2824
Initialize mono
Mono path[0] = 'D:/UnityHub/2021.3.19f1/Editor/Data/Managed'
Mono path[1] = 'D:/UnityHub/2021.3.19f1/Editor/Data/MonoBleedingEdge/lib/mono/unityjit-win32'
Mono config path = 'D:/UnityHub/2021.3.19f1/Editor/Data/MonoBleedingEdge/etc'
Using monoOptions --debugger-agent=transport=dt_socket,embedding=1,server=y,suspend=n,address=127.0.0.1:56516
Begin MonoManager ReloadAssembly
Registering precompiled unity dll's ...
Register platform support module: D:/UnityHub/2021.3.19f1/Editor/Data/PlaybackEngines/WebGLSupport/UnityEditor.WebGL.Extensions.dll
Register platform support module: D:/UnityHub/2021.3.19f1/Editor/Data/PlaybackEngines/WindowsStandaloneSupport/UnityEditor.WindowsStandalone.Extensions.dll
Registered in 0.007182 seconds.
Native extension for WindowsStandalone target not found
Native extension for WebGL target not found
Refreshing native plugins compatible for Editor in 289.02 ms, found 4 plugins.
Preloading 0 native plugins for Editor in 0.00 ms.
Mono: successfully reloaded assembly
- Completed reload, in  1.540 seconds
Domain Reload Profiling:
	ReloadAssembly (1541ms)
		BeginReloadAssembly (152ms)
			ExecutionOrderSort (0ms)
			DisableScriptedObjects (0ms)
			BackupInstance (0ms)
			ReleaseScriptingObjects (0ms)
			CreateAndSetChildDomain (1ms)
		EndReloadAssembly (1122ms)
			LoadAssemblies (150ms)
			RebuildTransferFunctionScriptingTraits (0ms)
			SetupTypeCache (250ms)
			ReleaseScriptCaches (0ms)
			RebuildScriptCaches (62ms)
			SetupLoadedEditorAssemblies (709ms)
				LogAssemblyErrors (0ms)
				InitializePlatformSupportModulesInManaged (19ms)
				SetLoadedEditorAssemblies (0ms)
				RefreshPlugins (289ms)
				BeforeProcessingInitializeOnLoad (2ms)
				ProcessInitializeOnLoadAttributes (298ms)
				ProcessInitializeOnLoadMethodAttributes (100ms)
				AfterProcessingInitializeOnLoad (0ms)
				EditorAssembliesLoaded (0ms)
			ExecutionOrderSort2 (0ms)
			AwakeInstancesAfterBackupRestoration (0ms)
Platform modules already initialized, skipping
Registering precompiled user dll's ...
Registered in 0.027037 seconds.
Begin MonoManager ReloadAssembly
Symbol file LoadedFromMemory doesn't match image C:\Users\xavie\Desktop\Code\Intro to Quantum Computing\Game\quantumGame\QuantumGame\Library\PackageCache\com.unity.visualscripting@1.8.0\Editor\VisualScripting.Core\Dependencies\YamlDotNet\Unity.VisualScripting.YamlDotNet.dll
Symbol file LoadedFromMemory doesn't match image C:\Users\xavie\Desktop\Code\Intro to Quantum Computing\Game\quantumGame\QuantumGame\Library\PackageCache\com.unity.visualscripting@1.8.0\Editor\VisualScripting.Core\Dependencies\DotNetZip\Unity.VisualScripting.IonicZip.dll
Native extension for WindowsStandalone target not found
Native extension for WebGL target not found
Refreshing native plugins compatible for Editor in 211.38 ms, found 4 plugins.
Preloading 0 native plugins for Editor in 0.00 ms.
Mono: successfully reloaded assembly
- Completed reload, in  2.486 seconds
Domain Reload Profiling:
	ReloadAssembly (2489ms)
		BeginReloadAssembly (194ms)
			ExecutionOrderSort (0ms)
			DisableScriptedObjects (12ms)
			BackupInstance (0ms)
			ReleaseScriptingObjects (0ms)
			CreateAndSetChildDomain (35ms)
		EndReloadAssembly (2075ms)
			LoadAssemblies (167ms)
			RebuildTransferFunctionScriptingTraits (0ms)
			SetupTypeCache (543ms)
			ReleaseScriptCaches (2ms)
			RebuildScriptCaches (134ms)
			SetupLoadedEditorAssemblies (1117ms)
				LogAssemblyErrors (0ms)
				InitializePlatformSupportModulesInManaged (11ms)
				SetLoadedEditorAssemblies (1ms)
				RefreshPlugins (212ms)
				BeforeProcessingInitializeOnLoad (213ms)
				ProcessInitializeOnLoadAttributes (489ms)
				ProcessInitializeOnLoadMethodAttributes (183ms)
				AfterProcessingInitializeOnLoad (8ms)
				EditorAssembliesLoaded (1ms)
			ExecutionOrderSort2 (0ms)
			AwakeInstancesAfterBackupRestoration (18ms)
Platform modules already initialized, skipping
========================================================================
Worker process is ready to serve import requests
Launched and connected shader compiler UnityShaderCompiler.exe after 0.09 seconds
Refreshing native plugins compatible for Editor in 1.94 ms, found 4 plugins.
Preloading 0 native plugins for Editor in 0.00 ms.
Unloading 5209 Unused Serialized files (Serialized files now loaded: 0)
Unloading 55 unused Assets / (1.3 MB). Loaded Objects now: 5647.
Memory consumption went from 207.6 MB to 206.4 MB.
Total: 14.294600 ms (FindLiveObjects: 0.936700 ms CreateObjectMapping: 2.212400 ms MarkObjects: 8.646800 ms  DeleteObjects: 2.493900 ms)

AssetImportParameters requested are different than current active one (requested -> active):
  custom:video-decoder-ogg-theora: a1e56fd34408186e4bbccfd4996cb3dc -> 
  custom:container-muxer-webm: aa71ff27fc2769a1b78a27578f13a17b -> 
  custom:container-demuxer-webm: 4f35f7cbe854078d1ac9338744f61a02 -> 
  custom:video-encoder-webm-vp8: eb34c28f22e8b96e1ab97ce403110664 -> 
  custom:audio-encoder-webm-vorbis: bf7c407c2cedff20999df2af8eb42d56 -> 
  custom:framework-win-MediaFoundation: 216162199b28c13a410421893ffa2e32 -> 
  custom:container-demuxer-ogg: 62fdf1f143b41e24485cea50d1cbac27 -> 
  custom:video-decoder-webm-vp8: 9c59270c3fd7afecdb556c50c9e8de78 -> 
  custom:audio-decoder-ogg-vorbis: bf7c407c2cedff20999df2af8eb42d56 -> 
========================================================================
Received Import Request.
  Time since last request: 542322.579667 seconds.
  path: Assets/UniversalRenderPipelineGlobalSettings.asset
  artifactKey: Guid(93ca53acdfe8d3b41b4d1bdf0a2bb4cd) Importer(815301076,1909f56bfc062723c751e8b465ee728b)
Start importing Assets/UniversalRenderPipelineGlobalSettings.asset using Guid(93ca53acdfe8d3b41b4d1bdf0a2bb4cd) Importer(815301076,1909f56bfc062723c751e8b465ee728b)  -> (artifact id: 'b70224a726ccddc41262575e978a59c2') in 0.152708 seconds 
========================================================================
Received Import Request.
  Time since last request: 141.300585 seconds.
  path: Assets
  artifactKey: Guid(00000000000000001000000000000000) Importer(815301076,1909f56bfc062723c751e8b465ee728b)
Start importing Assets using Guid(00000000000000001000000000000000) Importer(815301076,1909f56bfc062723c751e8b465ee728b)  -> (artifact id: '79842766b460edbeab6a34051e857a80') in 0.011302 seconds 
========================================================================
Received Import Request.
  Time since last request: 12.877937 seconds.
  path: Assets/Artwork
  artifactKey: Guid(ff6edce09f3500e4e956da47aac57acd) Importer(815301076,1909f56bfc062723c751e8b465ee728b)
Start importing Assets/Artwork using Guid(ff6edce09f3500e4e956da47aac57acd) Importer(815301076,1909f56bfc062723c751e8b465ee728b)  -> (artifact id: '28a1250593aa1e3f79ff43d2b7f39c39') in 0.011206 seconds 
========================================================================
Received Import Request.
  Time since last request: 13.488431 seconds.
  path: Assets/Artwork/Levels
  artifactKey: Guid(bb425cff6d0658a49a5c52d018f736a8) Importer(815301076,1909f56bfc062723c751e8b465ee728b)
Start importing Assets/Artwork/Levels using Guid(bb425cff6d0658a49a5c52d018f736a8) Importer(815301076,1909f56bfc062723c751e8b465ee728b)  -> (artifact id: '58607aa51a8a2f3e2a35b8384d678c4f') in 0.012236 seconds 
========================================================================
Received Import Request.
  Time since last request: 16.607904 seconds.
  path: Assets/Artwork/Levels/Animations
  artifactKey: Guid(9bb5a49d8410bf444a1fa1e4db14ecd1) Importer(815301076,1909f56bfc062723c751e8b465ee728b)
Start importing Assets/Artwork/Levels/Animations using Guid(9bb5a49d8410bf444a1fa1e4db14ecd1) Importer(815301076,1909f56bfc062723c751e8b465ee728b)  -> (artifact id: 'd2c73afe560cf35afbc70a8411168a1b') in 0.011167 seconds 
========================================================================
Received Import Request.
  Time since last request: 4.804272 seconds.
  path: Assets/Artwork/Levels/Levels
  artifactKey: Guid(f5690085c82079a4d8f5a76bbadaefdb) Importer(815301076,1909f56bfc062723c751e8b465ee728b)
Start importing Assets/Artwork/Levels/Levels using Guid(f5690085c82079a4d8f5a76bbadaefdb) Importer(815301076,1909f56bfc062723c751e8b465ee728b)  -> (artifact id: 'de07a826aed63e9f8c446383d5486f26') in 0.003915 seconds 
========================================================================
Received Import Request.
  Time since last request: 11.864932 seconds.
  path: Assets/Scripts
  artifactKey: Guid(6caccc4e31d3f884abf55c10d64bc0a8) Importer(815301076,1909f56bfc062723c751e8b465ee728b)
Start importing Assets/Scripts using Guid(6caccc4e31d3f884abf55c10d64bc0a8) Importer(815301076,1909f56bfc062723c751e8b465ee728b)  -> (artifact id: 'e14e8848e9a55546779f93fb4861d029') in 0.010333 seconds 
========================================================================
Received Import Request.
  Time since last request: 5.432650 seconds.
  path: Assets/Prefabs
  artifactKey: Guid(96b4047842b1e394e9429fe4166beb26) Importer(815301076,1909f56bfc062723c751e8b465ee728b)
Start importing Assets/Prefabs using Guid(96b4047842b1e394e9429fe4166beb26) Importer(815301076,1909f56bfc062723c751e8b465ee728b)  -> (artifact id: '81017af60874868b9cfd723a4d21bbd4') in 0.010710 seconds 
========================================================================
Received Import Request.
  Time since last request: 5862.463349 seconds.
  path: Assets/Artwork/Animations
  artifactKey: Guid(0862f52ce246cb543a69ad8554a8d772) Importer(815301076,1909f56bfc062723c751e8b465ee728b)
Start importing Assets/Artwork/Animations using Guid(0862f52ce246cb543a69ad8554a8d772) Importer(815301076,1909f56bfc062723c751e8b465ee728b)  -> (artifact id: '9f67b94eef1e003b0e4ee5392ea57cd1') in 0.008432 seconds 
========================================================================
Received Import Request.
  Time since last request: 104.520700 seconds.
  path: Assets/Artwork/atlas.png
  artifactKey: Guid(1af3135f189da844fb14d8aa60c82f18) Importer(815301076,1909f56bfc062723c751e8b465ee728b)
Start importing Assets/Artwork/atlas.png using Guid(1af3135f189da844fb14d8aa60c82f18) Importer(815301076,1909f56bfc062723c751e8b465ee728b)  -> (artifact id: '6667d77cdd25536cb9f5f1b93a59990b') in 0.351539 seconds 
========================================================================
Received Import Request.
  Time since last request: 28.390283 seconds.
  path: Assets/Artwork/atlas.png
  artifactKey: Guid(1af3135f189da844fb14d8aa60c82f18) Importer(815301076,1909f56bfc062723c751e8b465ee728b)
Start importing Assets/Artwork/atlas.png using Guid(1af3135f189da844fb14d8aa60c82f18) Importer(815301076,1909f56bfc062723c751e8b465ee728b)  -> (artifact id: 'b360c4f92f017944bcc9166757a76a12') in 0.019299 seconds 
========================================================================
Received Import Request.
  Time since last request: 150.107947 seconds.
  path: Assets/Artwork/atlas.png
  artifactKey: Guid(1af3135f189da844fb14d8aa60c82f18) Importer(815301076,1909f56bfc062723c751e8b465ee728b)
Start importing Assets/Artwork/atlas.png using Guid(1af3135f189da844fb14d8aa60c82f18) Importer(815301076,1909f56bfc062723c751e8b465ee728b)  -> (artifact id: 'f397a03aea7966797da10066ec73bd24') in 0.038594 seconds 
========================================================================
Received Import Request.
  Time since last request: 33.823828 seconds.
  path: Assets/Artwork/atlas.png
  artifactKey: Guid(1af3135f189da844fb14d8aa60c82f18) Importer(815301076,1909f56bfc062723c751e8b465ee728b)
Start importing Assets/Artwork/atlas.png using Guid(1af3135f189da844fb14d8aa60c82f18) Importer(815301076,1909f56bfc062723c751e8b465ee728b)  -> (artifact id: 'ee633d94ab956b598240ea45a62d7295') in 0.022282 seconds 
========================================================================
Received Import Request.
  Time since last request: 113.763854 seconds.
  path: Assets/Artwork/atlas.png
  artifactKey: Guid(1af3135f189da844fb14d8aa60c82f18) Importer(815301076,1909f56bfc062723c751e8b465ee728b)
Start importing Assets/Artwork/atlas.png using Guid(1af3135f189da844fb14d8aa60c82f18) Importer(815301076,1909f56bfc062723c751e8b465ee728b)  -> (artifact id: 'c6aab35245ed064f09674a4cdefd0149') in 0.018250 seconds 
